[2022-09-25 08:51:32,494] {processor.py:153} INFO - Started process (PID=1070) to work on /opt/airflow/dags/nytimes_dag.py
[2022-09-25 08:51:32,496] {processor.py:641} INFO - Processing file /opt/airflow/dags/nytimes_dag.py for tasks to queue
[2022-09-25 08:51:32,498] {logging_mixin.py:115} INFO - [2022-09-25 08:51:32,497] {dagbag.py:507} INFO - Filling up the DagBag from /opt/airflow/dags/nytimes_dag.py
[2022-09-25 08:51:32,527] {processor.py:653} WARNING - No viable dags retrieved from /opt/airflow/dags/nytimes_dag.py
[2022-09-25 08:51:32,557] {processor.py:161} INFO - Processing /opt/airflow/dags/nytimes_dag.py took 0.070 seconds
[2022-09-25 08:52:03,048] {processor.py:153} INFO - Started process (PID=1121) to work on /opt/airflow/dags/nytimes_dag.py
[2022-09-25 08:52:03,053] {processor.py:641} INFO - Processing file /opt/airflow/dags/nytimes_dag.py for tasks to queue
[2022-09-25 08:52:03,056] {logging_mixin.py:115} INFO - [2022-09-25 08:52:03,055] {dagbag.py:507} INFO - Filling up the DagBag from /opt/airflow/dags/nytimes_dag.py
[2022-09-25 08:52:03,082] {processor.py:653} WARNING - No viable dags retrieved from /opt/airflow/dags/nytimes_dag.py
[2022-09-25 08:52:03,122] {processor.py:161} INFO - Processing /opt/airflow/dags/nytimes_dag.py took 0.085 seconds
[2022-09-25 08:52:33,711] {processor.py:153} INFO - Started process (PID=1183) to work on /opt/airflow/dags/nytimes_dag.py
[2022-09-25 08:52:33,714] {processor.py:641} INFO - Processing file /opt/airflow/dags/nytimes_dag.py for tasks to queue
[2022-09-25 08:52:33,716] {logging_mixin.py:115} INFO - [2022-09-25 08:52:33,716] {dagbag.py:507} INFO - Filling up the DagBag from /opt/airflow/dags/nytimes_dag.py
[2022-09-25 08:52:33,727] {processor.py:653} WARNING - No viable dags retrieved from /opt/airflow/dags/nytimes_dag.py
[2022-09-25 08:52:33,750] {processor.py:161} INFO - Processing /opt/airflow/dags/nytimes_dag.py took 0.043 seconds
[2022-09-25 08:53:04,010] {processor.py:153} INFO - Started process (PID=1236) to work on /opt/airflow/dags/nytimes_dag.py
[2022-09-25 08:53:04,021] {processor.py:641} INFO - Processing file /opt/airflow/dags/nytimes_dag.py for tasks to queue
[2022-09-25 08:53:04,023] {logging_mixin.py:115} INFO - [2022-09-25 08:53:04,023] {dagbag.py:507} INFO - Filling up the DagBag from /opt/airflow/dags/nytimes_dag.py
[2022-09-25 08:53:04,036] {processor.py:653} WARNING - No viable dags retrieved from /opt/airflow/dags/nytimes_dag.py
[2022-09-25 08:53:04,074] {processor.py:161} INFO - Processing /opt/airflow/dags/nytimes_dag.py took 0.072 seconds
[2022-09-25 08:53:34,165] {processor.py:153} INFO - Started process (PID=1298) to work on /opt/airflow/dags/nytimes_dag.py
[2022-09-25 08:53:34,169] {processor.py:641} INFO - Processing file /opt/airflow/dags/nytimes_dag.py for tasks to queue
[2022-09-25 08:53:34,171] {logging_mixin.py:115} INFO - [2022-09-25 08:53:34,171] {dagbag.py:507} INFO - Filling up the DagBag from /opt/airflow/dags/nytimes_dag.py
[2022-09-25 08:53:34,181] {processor.py:653} WARNING - No viable dags retrieved from /opt/airflow/dags/nytimes_dag.py
[2022-09-25 08:53:34,206] {processor.py:161} INFO - Processing /opt/airflow/dags/nytimes_dag.py took 0.046 seconds
[2022-09-25 08:54:04,497] {processor.py:153} INFO - Started process (PID=1351) to work on /opt/airflow/dags/nytimes_dag.py
[2022-09-25 08:54:04,499] {processor.py:641} INFO - Processing file /opt/airflow/dags/nytimes_dag.py for tasks to queue
[2022-09-25 08:54:04,501] {logging_mixin.py:115} INFO - [2022-09-25 08:54:04,501] {dagbag.py:507} INFO - Filling up the DagBag from /opt/airflow/dags/nytimes_dag.py
[2022-09-25 08:54:04,515] {processor.py:653} WARNING - No viable dags retrieved from /opt/airflow/dags/nytimes_dag.py
[2022-09-25 08:54:04,545] {processor.py:161} INFO - Processing /opt/airflow/dags/nytimes_dag.py took 0.057 seconds
[2022-09-25 08:54:34,756] {processor.py:153} INFO - Started process (PID=1414) to work on /opt/airflow/dags/nytimes_dag.py
[2022-09-25 08:54:34,766] {processor.py:641} INFO - Processing file /opt/airflow/dags/nytimes_dag.py for tasks to queue
[2022-09-25 08:54:34,768] {logging_mixin.py:115} INFO - [2022-09-25 08:54:34,767] {dagbag.py:507} INFO - Filling up the DagBag from /opt/airflow/dags/nytimes_dag.py
[2022-09-25 08:54:34,798] {processor.py:653} WARNING - No viable dags retrieved from /opt/airflow/dags/nytimes_dag.py
[2022-09-25 08:54:34,876] {processor.py:161} INFO - Processing /opt/airflow/dags/nytimes_dag.py took 0.144 seconds
[2022-09-25 08:55:05,038] {processor.py:153} INFO - Started process (PID=1469) to work on /opt/airflow/dags/nytimes_dag.py
[2022-09-25 08:55:05,040] {processor.py:641} INFO - Processing file /opt/airflow/dags/nytimes_dag.py for tasks to queue
[2022-09-25 08:55:05,041] {logging_mixin.py:115} INFO - [2022-09-25 08:55:05,041] {dagbag.py:507} INFO - Filling up the DagBag from /opt/airflow/dags/nytimes_dag.py
[2022-09-25 08:55:05,052] {processor.py:653} WARNING - No viable dags retrieved from /opt/airflow/dags/nytimes_dag.py
[2022-09-25 08:55:05,079] {processor.py:161} INFO - Processing /opt/airflow/dags/nytimes_dag.py took 0.046 seconds
[2022-09-25 08:55:35,522] {processor.py:153} INFO - Started process (PID=1529) to work on /opt/airflow/dags/nytimes_dag.py
[2022-09-25 08:55:35,529] {processor.py:641} INFO - Processing file /opt/airflow/dags/nytimes_dag.py for tasks to queue
[2022-09-25 08:55:35,537] {logging_mixin.py:115} INFO - [2022-09-25 08:55:35,536] {dagbag.py:507} INFO - Filling up the DagBag from /opt/airflow/dags/nytimes_dag.py
[2022-09-25 08:55:35,578] {processor.py:653} WARNING - No viable dags retrieved from /opt/airflow/dags/nytimes_dag.py
[2022-09-25 08:55:35,646] {processor.py:161} INFO - Processing /opt/airflow/dags/nytimes_dag.py took 0.134 seconds
[2022-09-25 08:56:06,161] {processor.py:153} INFO - Started process (PID=1585) to work on /opt/airflow/dags/nytimes_dag.py
[2022-09-25 08:56:06,181] {processor.py:641} INFO - Processing file /opt/airflow/dags/nytimes_dag.py for tasks to queue
[2022-09-25 08:56:06,184] {logging_mixin.py:115} INFO - [2022-09-25 08:56:06,183] {dagbag.py:507} INFO - Filling up the DagBag from /opt/airflow/dags/nytimes_dag.py
[2022-09-25 08:56:06,201] {processor.py:653} WARNING - No viable dags retrieved from /opt/airflow/dags/nytimes_dag.py
[2022-09-25 08:56:06,236] {processor.py:161} INFO - Processing /opt/airflow/dags/nytimes_dag.py took 0.079 seconds
[2022-09-25 08:56:36,374] {processor.py:153} INFO - Started process (PID=1636) to work on /opt/airflow/dags/nytimes_dag.py
[2022-09-25 08:56:36,376] {processor.py:641} INFO - Processing file /opt/airflow/dags/nytimes_dag.py for tasks to queue
[2022-09-25 08:56:36,379] {logging_mixin.py:115} INFO - [2022-09-25 08:56:36,378] {dagbag.py:507} INFO - Filling up the DagBag from /opt/airflow/dags/nytimes_dag.py
[2022-09-25 08:56:36,395] {processor.py:653} WARNING - No viable dags retrieved from /opt/airflow/dags/nytimes_dag.py
[2022-09-25 08:56:36,419] {processor.py:161} INFO - Processing /opt/airflow/dags/nytimes_dag.py took 0.054 seconds
[2022-09-25 08:57:06,783] {processor.py:153} INFO - Started process (PID=1698) to work on /opt/airflow/dags/nytimes_dag.py
[2022-09-25 08:57:06,792] {processor.py:641} INFO - Processing file /opt/airflow/dags/nytimes_dag.py for tasks to queue
[2022-09-25 08:57:06,794] {logging_mixin.py:115} INFO - [2022-09-25 08:57:06,794] {dagbag.py:507} INFO - Filling up the DagBag from /opt/airflow/dags/nytimes_dag.py
[2022-09-25 08:57:06,818] {processor.py:653} WARNING - No viable dags retrieved from /opt/airflow/dags/nytimes_dag.py
[2022-09-25 08:57:06,851] {processor.py:161} INFO - Processing /opt/airflow/dags/nytimes_dag.py took 0.077 seconds
[2022-09-25 08:57:37,354] {processor.py:153} INFO - Started process (PID=1751) to work on /opt/airflow/dags/nytimes_dag.py
[2022-09-25 08:57:37,357] {processor.py:641} INFO - Processing file /opt/airflow/dags/nytimes_dag.py for tasks to queue
[2022-09-25 08:57:37,359] {logging_mixin.py:115} INFO - [2022-09-25 08:57:37,359] {dagbag.py:507} INFO - Filling up the DagBag from /opt/airflow/dags/nytimes_dag.py
[2022-09-25 08:57:37,374] {processor.py:653} WARNING - No viable dags retrieved from /opt/airflow/dags/nytimes_dag.py
[2022-09-25 08:57:37,404] {processor.py:161} INFO - Processing /opt/airflow/dags/nytimes_dag.py took 0.058 seconds
[2022-09-25 08:58:07,646] {processor.py:153} INFO - Started process (PID=1804) to work on /opt/airflow/dags/nytimes_dag.py
[2022-09-25 08:58:07,649] {processor.py:641} INFO - Processing file /opt/airflow/dags/nytimes_dag.py for tasks to queue
[2022-09-25 08:58:07,650] {logging_mixin.py:115} INFO - [2022-09-25 08:58:07,650] {dagbag.py:507} INFO - Filling up the DagBag from /opt/airflow/dags/nytimes_dag.py
[2022-09-25 08:58:07,660] {processor.py:653} WARNING - No viable dags retrieved from /opt/airflow/dags/nytimes_dag.py
[2022-09-25 08:58:07,684] {processor.py:161} INFO - Processing /opt/airflow/dags/nytimes_dag.py took 0.042 seconds
[2022-09-25 08:58:38,562] {processor.py:153} INFO - Started process (PID=1868) to work on /opt/airflow/dags/nytimes_dag.py
[2022-09-25 08:58:38,564] {processor.py:641} INFO - Processing file /opt/airflow/dags/nytimes_dag.py for tasks to queue
[2022-09-25 08:58:38,565] {logging_mixin.py:115} INFO - [2022-09-25 08:58:38,565] {dagbag.py:507} INFO - Filling up the DagBag from /opt/airflow/dags/nytimes_dag.py
[2022-09-25 08:58:38,577] {processor.py:653} WARNING - No viable dags retrieved from /opt/airflow/dags/nytimes_dag.py
[2022-09-25 08:58:38,600] {processor.py:161} INFO - Processing /opt/airflow/dags/nytimes_dag.py took 0.042 seconds
[2022-09-25 08:59:09,483] {processor.py:153} INFO - Started process (PID=1920) to work on /opt/airflow/dags/nytimes_dag.py
[2022-09-25 08:59:09,495] {processor.py:641} INFO - Processing file /opt/airflow/dags/nytimes_dag.py for tasks to queue
[2022-09-25 08:59:09,496] {logging_mixin.py:115} INFO - [2022-09-25 08:59:09,496] {dagbag.py:507} INFO - Filling up the DagBag from /opt/airflow/dags/nytimes_dag.py
[2022-09-25 08:59:09,505] {processor.py:653} WARNING - No viable dags retrieved from /opt/airflow/dags/nytimes_dag.py
[2022-09-25 08:59:09,529] {processor.py:161} INFO - Processing /opt/airflow/dags/nytimes_dag.py took 0.050 seconds
[2022-09-25 08:59:39,670] {processor.py:153} INFO - Started process (PID=1981) to work on /opt/airflow/dags/nytimes_dag.py
[2022-09-25 08:59:39,678] {processor.py:641} INFO - Processing file /opt/airflow/dags/nytimes_dag.py for tasks to queue
[2022-09-25 08:59:39,681] {logging_mixin.py:115} INFO - [2022-09-25 08:59:39,681] {dagbag.py:507} INFO - Filling up the DagBag from /opt/airflow/dags/nytimes_dag.py
[2022-09-25 08:59:39,696] {processor.py:653} WARNING - No viable dags retrieved from /opt/airflow/dags/nytimes_dag.py
[2022-09-25 08:59:39,738] {processor.py:161} INFO - Processing /opt/airflow/dags/nytimes_dag.py took 0.100 seconds
[2022-09-25 09:00:10,488] {processor.py:153} INFO - Started process (PID=2036) to work on /opt/airflow/dags/nytimes_dag.py
[2022-09-25 09:00:10,490] {processor.py:641} INFO - Processing file /opt/airflow/dags/nytimes_dag.py for tasks to queue
[2022-09-25 09:00:10,491] {logging_mixin.py:115} INFO - [2022-09-25 09:00:10,491] {dagbag.py:507} INFO - Filling up the DagBag from /opt/airflow/dags/nytimes_dag.py
[2022-09-25 09:00:10,509] {processor.py:653} WARNING - No viable dags retrieved from /opt/airflow/dags/nytimes_dag.py
[2022-09-25 09:00:10,531] {processor.py:161} INFO - Processing /opt/airflow/dags/nytimes_dag.py took 0.051 seconds
[2022-09-25 09:00:41,065] {processor.py:153} INFO - Started process (PID=2089) to work on /opt/airflow/dags/nytimes_dag.py
[2022-09-25 09:00:41,073] {processor.py:641} INFO - Processing file /opt/airflow/dags/nytimes_dag.py for tasks to queue
[2022-09-25 09:00:41,075] {logging_mixin.py:115} INFO - [2022-09-25 09:00:41,075] {dagbag.py:507} INFO - Filling up the DagBag from /opt/airflow/dags/nytimes_dag.py
[2022-09-25 09:00:41,088] {processor.py:653} WARNING - No viable dags retrieved from /opt/airflow/dags/nytimes_dag.py
[2022-09-25 09:00:41,112] {processor.py:161} INFO - Processing /opt/airflow/dags/nytimes_dag.py took 0.055 seconds
[2022-09-25 09:01:11,647] {processor.py:153} INFO - Started process (PID=2151) to work on /opt/airflow/dags/nytimes_dag.py
[2022-09-25 09:01:11,652] {processor.py:641} INFO - Processing file /opt/airflow/dags/nytimes_dag.py for tasks to queue
[2022-09-25 09:01:11,655] {logging_mixin.py:115} INFO - [2022-09-25 09:01:11,654] {dagbag.py:507} INFO - Filling up the DagBag from /opt/airflow/dags/nytimes_dag.py
[2022-09-25 09:01:11,671] {processor.py:653} WARNING - No viable dags retrieved from /opt/airflow/dags/nytimes_dag.py
[2022-09-25 09:01:11,718] {processor.py:161} INFO - Processing /opt/airflow/dags/nytimes_dag.py took 0.081 seconds
[2022-09-25 09:01:42,476] {processor.py:153} INFO - Started process (PID=2204) to work on /opt/airflow/dags/nytimes_dag.py
[2022-09-25 09:01:42,478] {processor.py:641} INFO - Processing file /opt/airflow/dags/nytimes_dag.py for tasks to queue
[2022-09-25 09:01:42,481] {logging_mixin.py:115} INFO - [2022-09-25 09:01:42,480] {dagbag.py:507} INFO - Filling up the DagBag from /opt/airflow/dags/nytimes_dag.py
[2022-09-25 09:01:42,496] {processor.py:653} WARNING - No viable dags retrieved from /opt/airflow/dags/nytimes_dag.py
[2022-09-25 09:01:42,519] {processor.py:161} INFO - Processing /opt/airflow/dags/nytimes_dag.py took 0.047 seconds
[2022-09-25 09:02:12,872] {processor.py:153} INFO - Started process (PID=2264) to work on /opt/airflow/dags/nytimes_dag.py
[2022-09-25 09:02:12,892] {processor.py:641} INFO - Processing file /opt/airflow/dags/nytimes_dag.py for tasks to queue
[2022-09-25 09:02:12,907] {logging_mixin.py:115} INFO - [2022-09-25 09:02:12,899] {dagbag.py:507} INFO - Filling up the DagBag from /opt/airflow/dags/nytimes_dag.py
[2022-09-25 09:02:12,969] {processor.py:653} WARNING - No viable dags retrieved from /opt/airflow/dags/nytimes_dag.py
[2022-09-25 09:02:13,033] {processor.py:161} INFO - Processing /opt/airflow/dags/nytimes_dag.py took 0.186 seconds
[2022-09-25 09:02:43,377] {processor.py:153} INFO - Started process (PID=2319) to work on /opt/airflow/dags/nytimes_dag.py
[2022-09-25 09:02:43,380] {processor.py:641} INFO - Processing file /opt/airflow/dags/nytimes_dag.py for tasks to queue
[2022-09-25 09:02:43,382] {logging_mixin.py:115} INFO - [2022-09-25 09:02:43,381] {dagbag.py:507} INFO - Filling up the DagBag from /opt/airflow/dags/nytimes_dag.py
[2022-09-25 09:02:43,396] {processor.py:653} WARNING - No viable dags retrieved from /opt/airflow/dags/nytimes_dag.py
[2022-09-25 09:02:43,419] {processor.py:161} INFO - Processing /opt/airflow/dags/nytimes_dag.py took 0.048 seconds
[2022-09-25 09:03:13,680] {processor.py:153} INFO - Started process (PID=2373) to work on /opt/airflow/dags/nytimes_dag.py
[2022-09-25 09:03:13,689] {processor.py:641} INFO - Processing file /opt/airflow/dags/nytimes_dag.py for tasks to queue
[2022-09-25 09:03:13,690] {logging_mixin.py:115} INFO - [2022-09-25 09:03:13,690] {dagbag.py:507} INFO - Filling up the DagBag from /opt/airflow/dags/nytimes_dag.py
[2022-09-25 09:03:13,700] {processor.py:653} WARNING - No viable dags retrieved from /opt/airflow/dags/nytimes_dag.py
[2022-09-25 09:03:13,719] {processor.py:161} INFO - Processing /opt/airflow/dags/nytimes_dag.py took 0.043 seconds
[2022-09-25 09:03:43,774] {processor.py:153} INFO - Started process (PID=2435) to work on /opt/airflow/dags/nytimes_dag.py
[2022-09-25 09:03:43,778] {processor.py:641} INFO - Processing file /opt/airflow/dags/nytimes_dag.py for tasks to queue
[2022-09-25 09:03:43,780] {logging_mixin.py:115} INFO - [2022-09-25 09:03:43,780] {dagbag.py:507} INFO - Filling up the DagBag from /opt/airflow/dags/nytimes_dag.py
[2022-09-25 09:03:43,803] {processor.py:653} WARNING - No viable dags retrieved from /opt/airflow/dags/nytimes_dag.py
[2022-09-25 09:03:43,848] {processor.py:161} INFO - Processing /opt/airflow/dags/nytimes_dag.py took 0.085 seconds
[2022-09-25 09:04:13,936] {processor.py:153} INFO - Started process (PID=2486) to work on /opt/airflow/dags/nytimes_dag.py
[2022-09-25 09:04:13,951] {processor.py:641} INFO - Processing file /opt/airflow/dags/nytimes_dag.py for tasks to queue
[2022-09-25 09:04:13,952] {logging_mixin.py:115} INFO - [2022-09-25 09:04:13,952] {dagbag.py:507} INFO - Filling up the DagBag from /opt/airflow/dags/nytimes_dag.py
[2022-09-25 09:04:13,968] {processor.py:653} WARNING - No viable dags retrieved from /opt/airflow/dags/nytimes_dag.py
[2022-09-25 09:04:13,995] {processor.py:161} INFO - Processing /opt/airflow/dags/nytimes_dag.py took 0.070 seconds
[2022-09-25 09:04:44,237] {processor.py:153} INFO - Started process (PID=2539) to work on /opt/airflow/dags/nytimes_dag.py
[2022-09-25 09:04:44,243] {processor.py:641} INFO - Processing file /opt/airflow/dags/nytimes_dag.py for tasks to queue
[2022-09-25 09:04:44,249] {logging_mixin.py:115} INFO - [2022-09-25 09:04:44,249] {dagbag.py:507} INFO - Filling up the DagBag from /opt/airflow/dags/nytimes_dag.py
[2022-09-25 09:04:44,269] {processor.py:653} WARNING - No viable dags retrieved from /opt/airflow/dags/nytimes_dag.py
[2022-09-25 09:04:44,442] {processor.py:161} INFO - Processing /opt/airflow/dags/nytimes_dag.py took 0.216 seconds
[2022-09-25 09:05:14,745] {processor.py:153} INFO - Started process (PID=2600) to work on /opt/airflow/dags/nytimes_dag.py
[2022-09-25 09:05:14,747] {processor.py:641} INFO - Processing file /opt/airflow/dags/nytimes_dag.py for tasks to queue
[2022-09-25 09:05:14,749] {logging_mixin.py:115} INFO - [2022-09-25 09:05:14,749] {dagbag.py:507} INFO - Filling up the DagBag from /opt/airflow/dags/nytimes_dag.py
[2022-09-25 09:05:14,765] {processor.py:653} WARNING - No viable dags retrieved from /opt/airflow/dags/nytimes_dag.py
[2022-09-25 09:05:14,790] {processor.py:161} INFO - Processing /opt/airflow/dags/nytimes_dag.py took 0.051 seconds
[2022-09-25 09:05:45,078] {processor.py:153} INFO - Started process (PID=2654) to work on /opt/airflow/dags/nytimes_dag.py
[2022-09-25 09:05:45,178] {processor.py:641} INFO - Processing file /opt/airflow/dags/nytimes_dag.py for tasks to queue
[2022-09-25 09:05:45,180] {logging_mixin.py:115} INFO - [2022-09-25 09:05:45,180] {dagbag.py:507} INFO - Filling up the DagBag from /opt/airflow/dags/nytimes_dag.py
[2022-09-25 09:05:45,194] {processor.py:653} WARNING - No viable dags retrieved from /opt/airflow/dags/nytimes_dag.py
[2022-09-25 09:05:45,213] {processor.py:161} INFO - Processing /opt/airflow/dags/nytimes_dag.py took 0.141 seconds
[2022-09-25 09:06:15,379] {processor.py:153} INFO - Started process (PID=2717) to work on /opt/airflow/dags/nytimes_dag.py
[2022-09-25 09:06:15,389] {processor.py:641} INFO - Processing file /opt/airflow/dags/nytimes_dag.py for tasks to queue
[2022-09-25 09:06:15,390] {logging_mixin.py:115} INFO - [2022-09-25 09:06:15,390] {dagbag.py:507} INFO - Filling up the DagBag from /opt/airflow/dags/nytimes_dag.py
[2022-09-25 09:06:15,400] {processor.py:653} WARNING - No viable dags retrieved from /opt/airflow/dags/nytimes_dag.py
[2022-09-25 09:06:15,425] {processor.py:161} INFO - Processing /opt/airflow/dags/nytimes_dag.py took 0.053 seconds
[2022-09-25 09:06:45,610] {processor.py:153} INFO - Started process (PID=2769) to work on /opt/airflow/dags/nytimes_dag.py
[2022-09-25 09:06:45,621] {processor.py:641} INFO - Processing file /opt/airflow/dags/nytimes_dag.py for tasks to queue
[2022-09-25 09:06:45,623] {logging_mixin.py:115} INFO - [2022-09-25 09:06:45,622] {dagbag.py:507} INFO - Filling up the DagBag from /opt/airflow/dags/nytimes_dag.py
[2022-09-25 09:06:45,638] {processor.py:653} WARNING - No viable dags retrieved from /opt/airflow/dags/nytimes_dag.py
[2022-09-25 09:06:45,700] {processor.py:161} INFO - Processing /opt/airflow/dags/nytimes_dag.py took 0.096 seconds
[2022-09-25 09:07:16,232] {processor.py:153} INFO - Started process (PID=2829) to work on /opt/airflow/dags/nytimes_dag.py
[2022-09-25 09:07:16,236] {processor.py:641} INFO - Processing file /opt/airflow/dags/nytimes_dag.py for tasks to queue
[2022-09-25 09:07:16,242] {logging_mixin.py:115} INFO - [2022-09-25 09:07:16,241] {dagbag.py:507} INFO - Filling up the DagBag from /opt/airflow/dags/nytimes_dag.py
[2022-09-25 09:07:16,293] {processor.py:653} WARNING - No viable dags retrieved from /opt/airflow/dags/nytimes_dag.py
[2022-09-25 09:07:16,447] {processor.py:161} INFO - Processing /opt/airflow/dags/nytimes_dag.py took 0.238 seconds
[2022-09-25 09:07:46,616] {processor.py:153} INFO - Started process (PID=2883) to work on /opt/airflow/dags/nytimes_dag.py
[2022-09-25 09:07:46,618] {processor.py:641} INFO - Processing file /opt/airflow/dags/nytimes_dag.py for tasks to queue
[2022-09-25 09:07:46,619] {logging_mixin.py:115} INFO - [2022-09-25 09:07:46,619] {dagbag.py:507} INFO - Filling up the DagBag from /opt/airflow/dags/nytimes_dag.py
[2022-09-25 09:07:46,631] {processor.py:653} WARNING - No viable dags retrieved from /opt/airflow/dags/nytimes_dag.py
[2022-09-25 09:07:46,653] {processor.py:161} INFO - Processing /opt/airflow/dags/nytimes_dag.py took 0.044 seconds
[2022-09-25 09:08:16,910] {processor.py:153} INFO - Started process (PID=2937) to work on /opt/airflow/dags/nytimes_dag.py
[2022-09-25 09:08:16,912] {processor.py:641} INFO - Processing file /opt/airflow/dags/nytimes_dag.py for tasks to queue
[2022-09-25 09:08:16,914] {logging_mixin.py:115} INFO - [2022-09-25 09:08:16,914] {dagbag.py:507} INFO - Filling up the DagBag from /opt/airflow/dags/nytimes_dag.py
[2022-09-25 09:08:16,924] {processor.py:653} WARNING - No viable dags retrieved from /opt/airflow/dags/nytimes_dag.py
[2022-09-25 09:08:16,947] {processor.py:161} INFO - Processing /opt/airflow/dags/nytimes_dag.py took 0.044 seconds
[2022-09-25 09:08:47,504] {processor.py:153} INFO - Started process (PID=2999) to work on /opt/airflow/dags/nytimes_dag.py
[2022-09-25 09:08:47,505] {processor.py:641} INFO - Processing file /opt/airflow/dags/nytimes_dag.py for tasks to queue
[2022-09-25 09:08:47,506] {logging_mixin.py:115} INFO - [2022-09-25 09:08:47,506] {dagbag.py:507} INFO - Filling up the DagBag from /opt/airflow/dags/nytimes_dag.py
[2022-09-25 09:08:47,516] {processor.py:653} WARNING - No viable dags retrieved from /opt/airflow/dags/nytimes_dag.py
[2022-09-25 09:08:47,538] {processor.py:161} INFO - Processing /opt/airflow/dags/nytimes_dag.py took 0.040 seconds
[2022-09-25 09:09:18,035] {processor.py:153} INFO - Started process (PID=3052) to work on /opt/airflow/dags/nytimes_dag.py
[2022-09-25 09:09:18,037] {processor.py:641} INFO - Processing file /opt/airflow/dags/nytimes_dag.py for tasks to queue
[2022-09-25 09:09:18,039] {logging_mixin.py:115} INFO - [2022-09-25 09:09:18,039] {dagbag.py:507} INFO - Filling up the DagBag from /opt/airflow/dags/nytimes_dag.py
[2022-09-25 09:09:18,052] {processor.py:653} WARNING - No viable dags retrieved from /opt/airflow/dags/nytimes_dag.py
[2022-09-25 09:09:18,077] {processor.py:161} INFO - Processing /opt/airflow/dags/nytimes_dag.py took 0.048 seconds
[2022-09-25 09:09:48,622] {processor.py:153} INFO - Started process (PID=3114) to work on /opt/airflow/dags/nytimes_dag.py
[2022-09-25 09:09:48,623] {processor.py:641} INFO - Processing file /opt/airflow/dags/nytimes_dag.py for tasks to queue
[2022-09-25 09:09:48,625] {logging_mixin.py:115} INFO - [2022-09-25 09:09:48,625] {dagbag.py:507} INFO - Filling up the DagBag from /opt/airflow/dags/nytimes_dag.py
[2022-09-25 09:09:48,640] {processor.py:653} WARNING - No viable dags retrieved from /opt/airflow/dags/nytimes_dag.py
[2022-09-25 09:09:48,661] {processor.py:161} INFO - Processing /opt/airflow/dags/nytimes_dag.py took 0.045 seconds
[2022-09-25 09:10:18,996] {processor.py:153} INFO - Started process (PID=3167) to work on /opt/airflow/dags/nytimes_dag.py
[2022-09-25 09:10:18,998] {processor.py:641} INFO - Processing file /opt/airflow/dags/nytimes_dag.py for tasks to queue
[2022-09-25 09:10:19,000] {logging_mixin.py:115} INFO - [2022-09-25 09:10:19,000] {dagbag.py:507} INFO - Filling up the DagBag from /opt/airflow/dags/nytimes_dag.py
[2022-09-25 09:10:19,011] {processor.py:653} WARNING - No viable dags retrieved from /opt/airflow/dags/nytimes_dag.py
[2022-09-25 09:10:19,037] {processor.py:161} INFO - Processing /opt/airflow/dags/nytimes_dag.py took 0.045 seconds
[2022-09-25 09:10:49,186] {processor.py:153} INFO - Started process (PID=3229) to work on /opt/airflow/dags/nytimes_dag.py
[2022-09-25 09:10:49,188] {processor.py:641} INFO - Processing file /opt/airflow/dags/nytimes_dag.py for tasks to queue
[2022-09-25 09:10:49,191] {logging_mixin.py:115} INFO - [2022-09-25 09:10:49,191] {dagbag.py:507} INFO - Filling up the DagBag from /opt/airflow/dags/nytimes_dag.py
[2022-09-25 09:10:49,203] {processor.py:653} WARNING - No viable dags retrieved from /opt/airflow/dags/nytimes_dag.py
[2022-09-25 09:10:49,226] {processor.py:161} INFO - Processing /opt/airflow/dags/nytimes_dag.py took 0.046 seconds
[2022-09-25 09:11:19,999] {processor.py:153} INFO - Started process (PID=3281) to work on /opt/airflow/dags/nytimes_dag.py
[2022-09-25 09:11:20,000] {processor.py:641} INFO - Processing file /opt/airflow/dags/nytimes_dag.py for tasks to queue
[2022-09-25 09:11:20,002] {logging_mixin.py:115} INFO - [2022-09-25 09:11:20,002] {dagbag.py:507} INFO - Filling up the DagBag from /opt/airflow/dags/nytimes_dag.py
[2022-09-25 09:11:20,018] {processor.py:653} WARNING - No viable dags retrieved from /opt/airflow/dags/nytimes_dag.py
[2022-09-25 09:11:20,042] {processor.py:161} INFO - Processing /opt/airflow/dags/nytimes_dag.py took 0.048 seconds
[2022-09-25 09:11:50,507] {processor.py:153} INFO - Started process (PID=3343) to work on /opt/airflow/dags/nytimes_dag.py
[2022-09-25 09:11:50,510] {processor.py:641} INFO - Processing file /opt/airflow/dags/nytimes_dag.py for tasks to queue
[2022-09-25 09:11:50,516] {logging_mixin.py:115} INFO - [2022-09-25 09:11:50,512] {dagbag.py:507} INFO - Filling up the DagBag from /opt/airflow/dags/nytimes_dag.py
[2022-09-25 09:11:50,544] {processor.py:653} WARNING - No viable dags retrieved from /opt/airflow/dags/nytimes_dag.py
[2022-09-25 09:11:50,586] {processor.py:161} INFO - Processing /opt/airflow/dags/nytimes_dag.py took 0.088 seconds
[2022-09-25 09:12:20,652] {processor.py:153} INFO - Started process (PID=3405) to work on /opt/airflow/dags/nytimes_dag.py
[2022-09-25 09:12:20,654] {processor.py:641} INFO - Processing file /opt/airflow/dags/nytimes_dag.py for tasks to queue
[2022-09-25 09:12:20,655] {logging_mixin.py:115} INFO - [2022-09-25 09:12:20,655] {dagbag.py:507} INFO - Filling up the DagBag from /opt/airflow/dags/nytimes_dag.py
[2022-09-25 09:12:20,665] {processor.py:653} WARNING - No viable dags retrieved from /opt/airflow/dags/nytimes_dag.py
[2022-09-25 09:12:20,686] {processor.py:161} INFO - Processing /opt/airflow/dags/nytimes_dag.py took 0.039 seconds
[2022-09-25 09:12:51,594] {processor.py:153} INFO - Started process (PID=3457) to work on /opt/airflow/dags/nytimes_dag.py
[2022-09-25 09:12:51,598] {processor.py:641} INFO - Processing file /opt/airflow/dags/nytimes_dag.py for tasks to queue
[2022-09-25 09:12:51,611] {logging_mixin.py:115} INFO - [2022-09-25 09:12:51,610] {dagbag.py:507} INFO - Filling up the DagBag from /opt/airflow/dags/nytimes_dag.py
[2022-09-25 09:12:51,642] {processor.py:653} WARNING - No viable dags retrieved from /opt/airflow/dags/nytimes_dag.py
[2022-09-25 09:12:51,709] {processor.py:161} INFO - Processing /opt/airflow/dags/nytimes_dag.py took 0.123 seconds
[2022-09-25 09:13:22,032] {processor.py:153} INFO - Started process (PID=3519) to work on /opt/airflow/dags/nytimes_dag.py
[2022-09-25 09:13:22,036] {processor.py:641} INFO - Processing file /opt/airflow/dags/nytimes_dag.py for tasks to queue
[2022-09-25 09:13:22,041] {logging_mixin.py:115} INFO - [2022-09-25 09:13:22,040] {dagbag.py:507} INFO - Filling up the DagBag from /opt/airflow/dags/nytimes_dag.py
[2022-09-25 09:13:22,070] {processor.py:653} WARNING - No viable dags retrieved from /opt/airflow/dags/nytimes_dag.py
[2022-09-25 09:13:22,100] {processor.py:161} INFO - Processing /opt/airflow/dags/nytimes_dag.py took 0.091 seconds
[2022-09-25 09:13:52,445] {processor.py:153} INFO - Started process (PID=3572) to work on /opt/airflow/dags/nytimes_dag.py
[2022-09-25 09:13:52,447] {processor.py:641} INFO - Processing file /opt/airflow/dags/nytimes_dag.py for tasks to queue
[2022-09-25 09:13:52,449] {logging_mixin.py:115} INFO - [2022-09-25 09:13:52,448] {dagbag.py:507} INFO - Filling up the DagBag from /opt/airflow/dags/nytimes_dag.py
[2022-09-25 09:13:52,462] {processor.py:653} WARNING - No viable dags retrieved from /opt/airflow/dags/nytimes_dag.py
[2022-09-25 09:13:52,485] {processor.py:161} INFO - Processing /opt/airflow/dags/nytimes_dag.py took 0.047 seconds
[2022-09-25 09:14:22,926] {processor.py:153} INFO - Started process (PID=3635) to work on /opt/airflow/dags/nytimes_dag.py
[2022-09-25 09:14:22,930] {processor.py:641} INFO - Processing file /opt/airflow/dags/nytimes_dag.py for tasks to queue
[2022-09-25 09:14:22,934] {logging_mixin.py:115} INFO - [2022-09-25 09:14:22,933] {dagbag.py:507} INFO - Filling up the DagBag from /opt/airflow/dags/nytimes_dag.py
[2022-09-25 09:14:22,956] {processor.py:653} WARNING - No viable dags retrieved from /opt/airflow/dags/nytimes_dag.py
[2022-09-25 09:14:22,994] {processor.py:161} INFO - Processing /opt/airflow/dags/nytimes_dag.py took 0.072 seconds
[2022-09-25 09:14:53,245] {processor.py:153} INFO - Started process (PID=3688) to work on /opt/airflow/dags/nytimes_dag.py
[2022-09-25 09:14:53,248] {processor.py:641} INFO - Processing file /opt/airflow/dags/nytimes_dag.py for tasks to queue
[2022-09-25 09:14:53,250] {logging_mixin.py:115} INFO - [2022-09-25 09:14:53,250] {dagbag.py:507} INFO - Filling up the DagBag from /opt/airflow/dags/nytimes_dag.py
[2022-09-25 09:14:53,270] {processor.py:653} WARNING - No viable dags retrieved from /opt/airflow/dags/nytimes_dag.py
[2022-09-25 09:14:53,297] {processor.py:161} INFO - Processing /opt/airflow/dags/nytimes_dag.py took 0.056 seconds
[2022-09-25 09:15:23,474] {processor.py:153} INFO - Started process (PID=3749) to work on /opt/airflow/dags/nytimes_dag.py
[2022-09-25 09:15:23,479] {processor.py:641} INFO - Processing file /opt/airflow/dags/nytimes_dag.py for tasks to queue
[2022-09-25 09:15:23,481] {logging_mixin.py:115} INFO - [2022-09-25 09:15:23,481] {dagbag.py:507} INFO - Filling up the DagBag from /opt/airflow/dags/nytimes_dag.py
[2022-09-25 09:15:23,527] {processor.py:653} WARNING - No viable dags retrieved from /opt/airflow/dags/nytimes_dag.py
[2022-09-25 09:15:23,663] {processor.py:161} INFO - Processing /opt/airflow/dags/nytimes_dag.py took 0.201 seconds
[2022-09-25 09:15:54,073] {processor.py:153} INFO - Started process (PID=3801) to work on /opt/airflow/dags/nytimes_dag.py
[2022-09-25 09:15:54,085] {processor.py:641} INFO - Processing file /opt/airflow/dags/nytimes_dag.py for tasks to queue
[2022-09-25 09:15:54,096] {logging_mixin.py:115} INFO - [2022-09-25 09:15:54,096] {dagbag.py:507} INFO - Filling up the DagBag from /opt/airflow/dags/nytimes_dag.py
[2022-09-25 09:15:54,128] {processor.py:653} WARNING - No viable dags retrieved from /opt/airflow/dags/nytimes_dag.py
[2022-09-25 09:15:54,157] {processor.py:161} INFO - Processing /opt/airflow/dags/nytimes_dag.py took 0.091 seconds
[2022-09-25 09:16:24,923] {processor.py:153} INFO - Started process (PID=3863) to work on /opt/airflow/dags/nytimes_dag.py
[2022-09-25 09:16:24,925] {processor.py:641} INFO - Processing file /opt/airflow/dags/nytimes_dag.py for tasks to queue
[2022-09-25 09:16:24,926] {logging_mixin.py:115} INFO - [2022-09-25 09:16:24,926] {dagbag.py:507} INFO - Filling up the DagBag from /opt/airflow/dags/nytimes_dag.py
[2022-09-25 09:16:24,936] {processor.py:653} WARNING - No viable dags retrieved from /opt/airflow/dags/nytimes_dag.py
[2022-09-25 09:16:24,968] {processor.py:161} INFO - Processing /opt/airflow/dags/nytimes_dag.py took 0.049 seconds
[2022-09-25 09:16:55,270] {processor.py:153} INFO - Started process (PID=3917) to work on /opt/airflow/dags/nytimes_dag.py
[2022-09-25 09:16:55,282] {processor.py:641} INFO - Processing file /opt/airflow/dags/nytimes_dag.py for tasks to queue
[2022-09-25 09:16:55,284] {logging_mixin.py:115} INFO - [2022-09-25 09:16:55,283] {dagbag.py:507} INFO - Filling up the DagBag from /opt/airflow/dags/nytimes_dag.py
[2022-09-25 09:16:55,298] {processor.py:653} WARNING - No viable dags retrieved from /opt/airflow/dags/nytimes_dag.py
[2022-09-25 09:16:55,319] {processor.py:161} INFO - Processing /opt/airflow/dags/nytimes_dag.py took 0.057 seconds
[2022-09-25 09:17:26,246] {processor.py:153} INFO - Started process (PID=3979) to work on /opt/airflow/dags/nytimes_dag.py
[2022-09-25 09:17:26,257] {processor.py:641} INFO - Processing file /opt/airflow/dags/nytimes_dag.py for tasks to queue
[2022-09-25 09:17:26,258] {logging_mixin.py:115} INFO - [2022-09-25 09:17:26,258] {dagbag.py:507} INFO - Filling up the DagBag from /opt/airflow/dags/nytimes_dag.py
[2022-09-25 09:17:26,267] {processor.py:653} WARNING - No viable dags retrieved from /opt/airflow/dags/nytimes_dag.py
[2022-09-25 09:17:26,288] {processor.py:161} INFO - Processing /opt/airflow/dags/nytimes_dag.py took 0.050 seconds
[2022-09-25 09:17:56,520] {processor.py:153} INFO - Started process (PID=4032) to work on /opt/airflow/dags/nytimes_dag.py
[2022-09-25 09:17:56,523] {processor.py:641} INFO - Processing file /opt/airflow/dags/nytimes_dag.py for tasks to queue
[2022-09-25 09:17:56,525] {logging_mixin.py:115} INFO - [2022-09-25 09:17:56,525] {dagbag.py:507} INFO - Filling up the DagBag from /opt/airflow/dags/nytimes_dag.py
[2022-09-25 09:17:56,538] {processor.py:653} WARNING - No viable dags retrieved from /opt/airflow/dags/nytimes_dag.py
[2022-09-25 09:17:56,561] {processor.py:161} INFO - Processing /opt/airflow/dags/nytimes_dag.py took 0.046 seconds
[2022-09-25 09:18:27,280] {processor.py:153} INFO - Started process (PID=4092) to work on /opt/airflow/dags/nytimes_dag.py
[2022-09-25 09:18:27,284] {processor.py:641} INFO - Processing file /opt/airflow/dags/nytimes_dag.py for tasks to queue
[2022-09-25 09:18:27,286] {logging_mixin.py:115} INFO - [2022-09-25 09:18:27,286] {dagbag.py:507} INFO - Filling up the DagBag from /opt/airflow/dags/nytimes_dag.py
[2022-09-25 09:18:27,299] {processor.py:653} WARNING - No viable dags retrieved from /opt/airflow/dags/nytimes_dag.py
[2022-09-25 09:18:27,336] {processor.py:161} INFO - Processing /opt/airflow/dags/nytimes_dag.py took 0.064 seconds
[2022-09-25 09:18:57,371] {processor.py:153} INFO - Started process (PID=4146) to work on /opt/airflow/dags/nytimes_dag.py
[2022-09-25 09:18:57,373] {processor.py:641} INFO - Processing file /opt/airflow/dags/nytimes_dag.py for tasks to queue
[2022-09-25 09:18:57,375] {logging_mixin.py:115} INFO - [2022-09-25 09:18:57,375] {dagbag.py:507} INFO - Filling up the DagBag from /opt/airflow/dags/nytimes_dag.py
[2022-09-25 09:18:57,384] {processor.py:653} WARNING - No viable dags retrieved from /opt/airflow/dags/nytimes_dag.py
[2022-09-25 09:18:57,405] {processor.py:161} INFO - Processing /opt/airflow/dags/nytimes_dag.py took 0.038 seconds
[2022-09-25 09:49:23,523] {processor.py:153} INFO - Started process (PID=4201) to work on /opt/airflow/dags/nytimes_dag.py
[2022-09-25 09:49:23,642] {processor.py:641} INFO - Processing file /opt/airflow/dags/nytimes_dag.py for tasks to queue
[2022-09-25 09:49:23,927] {logging_mixin.py:115} INFO - [2022-09-25 09:49:23,927] {dagbag.py:507} INFO - Filling up the DagBag from /opt/airflow/dags/nytimes_dag.py
[2022-09-25 09:49:23,937] {processor.py:653} WARNING - No viable dags retrieved from /opt/airflow/dags/nytimes_dag.py
[2022-09-25 09:49:23,963] {processor.py:161} INFO - Processing /opt/airflow/dags/nytimes_dag.py took 0.500 seconds
[2022-09-25 09:49:54,317] {processor.py:153} INFO - Started process (PID=4253) to work on /opt/airflow/dags/nytimes_dag.py
[2022-09-25 09:49:54,325] {processor.py:641} INFO - Processing file /opt/airflow/dags/nytimes_dag.py for tasks to queue
[2022-09-25 09:49:54,326] {logging_mixin.py:115} INFO - [2022-09-25 09:49:54,326] {dagbag.py:507} INFO - Filling up the DagBag from /opt/airflow/dags/nytimes_dag.py
[2022-09-25 09:49:54,334] {processor.py:653} WARNING - No viable dags retrieved from /opt/airflow/dags/nytimes_dag.py
[2022-09-25 09:49:54,353] {processor.py:161} INFO - Processing /opt/airflow/dags/nytimes_dag.py took 0.040 seconds
[2022-09-25 10:06:13,250] {processor.py:153} INFO - Started process (PID=4298) to work on /opt/airflow/dags/nytimes_dag.py
[2022-09-25 10:06:13,259] {processor.py:641} INFO - Processing file /opt/airflow/dags/nytimes_dag.py for tasks to queue
[2022-09-25 10:06:13,261] {logging_mixin.py:115} INFO - [2022-09-25 10:06:13,261] {dagbag.py:507} INFO - Filling up the DagBag from /opt/airflow/dags/nytimes_dag.py
[2022-09-25 10:06:13,291] {processor.py:653} WARNING - No viable dags retrieved from /opt/airflow/dags/nytimes_dag.py
[2022-09-25 10:06:13,335] {processor.py:161} INFO - Processing /opt/airflow/dags/nytimes_dag.py took 0.096 seconds
[2022-09-25 10:06:43,654] {processor.py:153} INFO - Started process (PID=4352) to work on /opt/airflow/dags/nytimes_dag.py
[2022-09-25 10:06:43,661] {processor.py:641} INFO - Processing file /opt/airflow/dags/nytimes_dag.py for tasks to queue
[2022-09-25 10:06:43,664] {logging_mixin.py:115} INFO - [2022-09-25 10:06:43,663] {dagbag.py:507} INFO - Filling up the DagBag from /opt/airflow/dags/nytimes_dag.py
[2022-09-25 10:06:43,694] {processor.py:653} WARNING - No viable dags retrieved from /opt/airflow/dags/nytimes_dag.py
[2022-09-25 10:06:43,743] {processor.py:161} INFO - Processing /opt/airflow/dags/nytimes_dag.py took 0.103 seconds
[2022-09-25 10:07:15,535] {processor.py:153} INFO - Started process (PID=4415) to work on /opt/airflow/dags/nytimes_dag.py
[2022-09-25 10:07:15,544] {processor.py:641} INFO - Processing file /opt/airflow/dags/nytimes_dag.py for tasks to queue
[2022-09-25 10:07:15,546] {logging_mixin.py:115} INFO - [2022-09-25 10:07:15,546] {dagbag.py:507} INFO - Filling up the DagBag from /opt/airflow/dags/nytimes_dag.py
[2022-09-25 10:07:15,571] {processor.py:653} WARNING - No viable dags retrieved from /opt/airflow/dags/nytimes_dag.py
[2022-09-25 10:07:15,610] {processor.py:161} INFO - Processing /opt/airflow/dags/nytimes_dag.py took 0.097 seconds
[2022-09-25 10:25:09,502] {processor.py:153} INFO - Started process (PID=4468) to work on /opt/airflow/dags/nytimes_dag.py
[2022-09-25 10:25:09,505] {processor.py:641} INFO - Processing file /opt/airflow/dags/nytimes_dag.py for tasks to queue
[2022-09-25 10:25:09,507] {logging_mixin.py:115} INFO - [2022-09-25 10:25:09,507] {dagbag.py:507} INFO - Filling up the DagBag from /opt/airflow/dags/nytimes_dag.py
[2022-09-25 10:25:09,524] {processor.py:653} WARNING - No viable dags retrieved from /opt/airflow/dags/nytimes_dag.py
[2022-09-25 10:25:09,588] {processor.py:161} INFO - Processing /opt/airflow/dags/nytimes_dag.py took 0.104 seconds
[2022-09-25 10:25:40,427] {processor.py:153} INFO - Started process (PID=4521) to work on /opt/airflow/dags/nytimes_dag.py
[2022-09-25 10:25:40,453] {processor.py:641} INFO - Processing file /opt/airflow/dags/nytimes_dag.py for tasks to queue
[2022-09-25 10:25:40,455] {logging_mixin.py:115} INFO - [2022-09-25 10:25:40,454] {dagbag.py:507} INFO - Filling up the DagBag from /opt/airflow/dags/nytimes_dag.py
[2022-09-25 10:25:40,469] {processor.py:653} WARNING - No viable dags retrieved from /opt/airflow/dags/nytimes_dag.py
[2022-09-25 10:25:40,503] {processor.py:161} INFO - Processing /opt/airflow/dags/nytimes_dag.py took 0.082 seconds
[2022-09-25 11:09:52,126] {processor.py:153} INFO - Started process (PID=4575) to work on /opt/airflow/dags/nytimes_dag.py
[2022-09-25 11:09:52,158] {processor.py:641} INFO - Processing file /opt/airflow/dags/nytimes_dag.py for tasks to queue
[2022-09-25 11:09:52,160] {logging_mixin.py:115} INFO - [2022-09-25 11:09:52,159] {dagbag.py:507} INFO - Filling up the DagBag from /opt/airflow/dags/nytimes_dag.py
[2022-09-25 11:09:52,170] {processor.py:653} WARNING - No viable dags retrieved from /opt/airflow/dags/nytimes_dag.py
[2022-09-25 11:09:52,198] {processor.py:161} INFO - Processing /opt/airflow/dags/nytimes_dag.py took 0.076 seconds
[2022-09-25 11:10:22,417] {processor.py:153} INFO - Started process (PID=4628) to work on /opt/airflow/dags/nytimes_dag.py
[2022-09-25 11:10:22,418] {processor.py:641} INFO - Processing file /opt/airflow/dags/nytimes_dag.py for tasks to queue
[2022-09-25 11:10:22,420] {logging_mixin.py:115} INFO - [2022-09-25 11:10:22,419] {dagbag.py:507} INFO - Filling up the DagBag from /opt/airflow/dags/nytimes_dag.py
[2022-09-25 11:10:22,431] {processor.py:653} WARNING - No viable dags retrieved from /opt/airflow/dags/nytimes_dag.py
[2022-09-25 11:10:22,449] {processor.py:161} INFO - Processing /opt/airflow/dags/nytimes_dag.py took 0.037 seconds
[2022-09-25 11:13:03,425] {processor.py:153} INFO - Started process (PID=4681) to work on /opt/airflow/dags/nytimes_dag.py
[2022-09-25 11:13:03,428] {processor.py:641} INFO - Processing file /opt/airflow/dags/nytimes_dag.py for tasks to queue
[2022-09-25 11:13:03,431] {logging_mixin.py:115} INFO - [2022-09-25 11:13:03,430] {dagbag.py:507} INFO - Filling up the DagBag from /opt/airflow/dags/nytimes_dag.py
[2022-09-25 11:13:03,456] {processor.py:653} WARNING - No viable dags retrieved from /opt/airflow/dags/nytimes_dag.py
[2022-09-25 11:13:03,494] {processor.py:161} INFO - Processing /opt/airflow/dags/nytimes_dag.py took 0.078 seconds
[2022-09-25 11:13:34,249] {processor.py:153} INFO - Started process (PID=4733) to work on /opt/airflow/dags/nytimes_dag.py
[2022-09-25 11:13:34,251] {processor.py:641} INFO - Processing file /opt/airflow/dags/nytimes_dag.py for tasks to queue
[2022-09-25 11:13:34,254] {logging_mixin.py:115} INFO - [2022-09-25 11:13:34,253] {dagbag.py:507} INFO - Filling up the DagBag from /opt/airflow/dags/nytimes_dag.py
[2022-09-25 11:13:34,275] {processor.py:653} WARNING - No viable dags retrieved from /opt/airflow/dags/nytimes_dag.py
[2022-09-25 11:13:34,307] {processor.py:161} INFO - Processing /opt/airflow/dags/nytimes_dag.py took 0.068 seconds
[2022-09-25 12:19:54,631] {processor.py:153} INFO - Started process (PID=4794) to work on /opt/airflow/dags/nytimes_dag.py
[2022-09-25 12:19:55,280] {processor.py:641} INFO - Processing file /opt/airflow/dags/nytimes_dag.py for tasks to queue
[2022-09-25 12:19:55,284] {logging_mixin.py:115} INFO - [2022-09-25 12:19:55,283] {dagbag.py:507} INFO - Filling up the DagBag from /opt/airflow/dags/nytimes_dag.py
[2022-09-25 12:19:55,458] {processor.py:653} WARNING - No viable dags retrieved from /opt/airflow/dags/nytimes_dag.py
[2022-09-25 12:19:55,660] {processor.py:161} INFO - Processing /opt/airflow/dags/nytimes_dag.py took 1.055 seconds
[2022-09-25 12:20:25,860] {processor.py:153} INFO - Started process (PID=4850) to work on /opt/airflow/dags/nytimes_dag.py
[2022-09-25 12:20:25,861] {processor.py:641} INFO - Processing file /opt/airflow/dags/nytimes_dag.py for tasks to queue
[2022-09-25 12:20:25,863] {logging_mixin.py:115} INFO - [2022-09-25 12:20:25,863] {dagbag.py:507} INFO - Filling up the DagBag from /opt/airflow/dags/nytimes_dag.py
[2022-09-25 12:20:25,872] {processor.py:653} WARNING - No viable dags retrieved from /opt/airflow/dags/nytimes_dag.py
[2022-09-25 12:20:25,891] {processor.py:161} INFO - Processing /opt/airflow/dags/nytimes_dag.py took 0.046 seconds
[2022-09-25 12:48:41,213] {processor.py:153} INFO - Started process (PID=4902) to work on /opt/airflow/dags/nytimes_dag.py
[2022-09-25 12:48:41,214] {processor.py:641} INFO - Processing file /opt/airflow/dags/nytimes_dag.py for tasks to queue
[2022-09-25 12:48:41,217] {logging_mixin.py:115} INFO - [2022-09-25 12:48:41,217] {dagbag.py:507} INFO - Filling up the DagBag from /opt/airflow/dags/nytimes_dag.py
[2022-09-25 12:48:41,260] {processor.py:653} WARNING - No viable dags retrieved from /opt/airflow/dags/nytimes_dag.py
[2022-09-25 12:48:41,322] {processor.py:161} INFO - Processing /opt/airflow/dags/nytimes_dag.py took 0.124 seconds
[2022-09-25 12:49:11,447] {processor.py:153} INFO - Started process (PID=4955) to work on /opt/airflow/dags/nytimes_dag.py
[2022-09-25 12:49:11,449] {processor.py:641} INFO - Processing file /opt/airflow/dags/nytimes_dag.py for tasks to queue
[2022-09-25 12:49:11,450] {logging_mixin.py:115} INFO - [2022-09-25 12:49:11,450] {dagbag.py:507} INFO - Filling up the DagBag from /opt/airflow/dags/nytimes_dag.py
[2022-09-25 12:49:11,459] {processor.py:653} WARNING - No viable dags retrieved from /opt/airflow/dags/nytimes_dag.py
[2022-09-25 12:49:11,481] {processor.py:161} INFO - Processing /opt/airflow/dags/nytimes_dag.py took 0.037 seconds
[2022-09-25 14:20:05,856] {processor.py:153} INFO - Started process (PID=5009) to work on /opt/airflow/dags/nytimes_dag.py
[2022-09-25 14:20:05,858] {processor.py:641} INFO - Processing file /opt/airflow/dags/nytimes_dag.py for tasks to queue
[2022-09-25 14:20:05,861] {logging_mixin.py:115} INFO - [2022-09-25 14:20:05,860] {dagbag.py:507} INFO - Filling up the DagBag from /opt/airflow/dags/nytimes_dag.py
[2022-09-25 14:20:05,876] {processor.py:653} WARNING - No viable dags retrieved from /opt/airflow/dags/nytimes_dag.py
[2022-09-25 14:20:05,899] {processor.py:161} INFO - Processing /opt/airflow/dags/nytimes_dag.py took 0.050 seconds
[2022-09-25 14:20:36,335] {processor.py:153} INFO - Started process (PID=5062) to work on /opt/airflow/dags/nytimes_dag.py
[2022-09-25 14:20:36,337] {processor.py:641} INFO - Processing file /opt/airflow/dags/nytimes_dag.py for tasks to queue
[2022-09-25 14:20:36,338] {logging_mixin.py:115} INFO - [2022-09-25 14:20:36,338] {dagbag.py:507} INFO - Filling up the DagBag from /opt/airflow/dags/nytimes_dag.py
[2022-09-25 14:20:36,348] {processor.py:653} WARNING - No viable dags retrieved from /opt/airflow/dags/nytimes_dag.py
[2022-09-25 14:20:36,371] {processor.py:161} INFO - Processing /opt/airflow/dags/nytimes_dag.py took 0.040 seconds
[2022-09-25 15:20:13,282] {processor.py:153} INFO - Started process (PID=5124) to work on /opt/airflow/dags/nytimes_dag.py
[2022-09-25 15:20:13,284] {processor.py:641} INFO - Processing file /opt/airflow/dags/nytimes_dag.py for tasks to queue
[2022-09-25 15:20:13,288] {logging_mixin.py:115} INFO - [2022-09-25 15:20:13,288] {dagbag.py:507} INFO - Filling up the DagBag from /opt/airflow/dags/nytimes_dag.py
[2022-09-25 15:20:13,324] {processor.py:653} WARNING - No viable dags retrieved from /opt/airflow/dags/nytimes_dag.py
[2022-09-25 15:20:14,391] {processor.py:161} INFO - Processing /opt/airflow/dags/nytimes_dag.py took 1.128 seconds
[2022-09-25 15:20:44,593] {processor.py:153} INFO - Started process (PID=5176) to work on /opt/airflow/dags/nytimes_dag.py
[2022-09-25 15:20:44,595] {processor.py:641} INFO - Processing file /opt/airflow/dags/nytimes_dag.py for tasks to queue
[2022-09-25 15:20:44,597] {logging_mixin.py:115} INFO - [2022-09-25 15:20:44,597] {dagbag.py:507} INFO - Filling up the DagBag from /opt/airflow/dags/nytimes_dag.py
[2022-09-25 15:20:44,609] {processor.py:653} WARNING - No viable dags retrieved from /opt/airflow/dags/nytimes_dag.py
[2022-09-25 15:20:44,752] {processor.py:161} INFO - Processing /opt/airflow/dags/nytimes_dag.py took 0.166 seconds
[2022-09-25 15:25:55,482] {processor.py:153} INFO - Started process (PID=5230) to work on /opt/airflow/dags/nytimes_dag.py
[2022-09-25 15:25:55,502] {processor.py:641} INFO - Processing file /opt/airflow/dags/nytimes_dag.py for tasks to queue
[2022-09-25 15:25:55,508] {logging_mixin.py:115} INFO - [2022-09-25 15:25:55,507] {dagbag.py:507} INFO - Filling up the DagBag from /opt/airflow/dags/nytimes_dag.py
[2022-09-25 15:25:55,547] {processor.py:653} WARNING - No viable dags retrieved from /opt/airflow/dags/nytimes_dag.py
[2022-09-25 15:25:55,611] {processor.py:161} INFO - Processing /opt/airflow/dags/nytimes_dag.py took 0.149 seconds
[2022-09-25 15:26:27,635] {processor.py:153} INFO - Started process (PID=5281) to work on /opt/airflow/dags/nytimes_dag.py
[2022-09-25 15:26:27,647] {processor.py:641} INFO - Processing file /opt/airflow/dags/nytimes_dag.py for tasks to queue
[2022-09-25 15:26:27,656] {logging_mixin.py:115} INFO - [2022-09-25 15:26:27,655] {dagbag.py:507} INFO - Filling up the DagBag from /opt/airflow/dags/nytimes_dag.py
[2022-09-25 15:26:27,731] {processor.py:653} WARNING - No viable dags retrieved from /opt/airflow/dags/nytimes_dag.py
[2022-09-25 15:26:27,792] {processor.py:161} INFO - Processing /opt/airflow/dags/nytimes_dag.py took 0.183 seconds
[2022-09-25 15:26:58,184] {processor.py:153} INFO - Started process (PID=5334) to work on /opt/airflow/dags/nytimes_dag.py
[2022-09-25 15:26:58,185] {processor.py:641} INFO - Processing file /opt/airflow/dags/nytimes_dag.py for tasks to queue
[2022-09-25 15:26:58,195] {logging_mixin.py:115} INFO - [2022-09-25 15:26:58,195] {dagbag.py:507} INFO - Filling up the DagBag from /opt/airflow/dags/nytimes_dag.py
[2022-09-25 15:26:58,210] {processor.py:653} WARNING - No viable dags retrieved from /opt/airflow/dags/nytimes_dag.py
[2022-09-25 15:26:58,237] {processor.py:161} INFO - Processing /opt/airflow/dags/nytimes_dag.py took 0.058 seconds
[2022-09-25 15:27:28,382] {processor.py:153} INFO - Started process (PID=5385) to work on /opt/airflow/dags/nytimes_dag.py
[2022-09-25 15:27:28,384] {processor.py:641} INFO - Processing file /opt/airflow/dags/nytimes_dag.py for tasks to queue
[2022-09-25 15:27:28,386] {logging_mixin.py:115} INFO - [2022-09-25 15:27:28,385] {dagbag.py:507} INFO - Filling up the DagBag from /opt/airflow/dags/nytimes_dag.py
[2022-09-25 15:27:28,418] {processor.py:653} WARNING - No viable dags retrieved from /opt/airflow/dags/nytimes_dag.py
[2022-09-25 15:27:28,462] {processor.py:161} INFO - Processing /opt/airflow/dags/nytimes_dag.py took 0.092 seconds
[2022-09-25 15:27:58,704] {processor.py:153} INFO - Started process (PID=5437) to work on /opt/airflow/dags/nytimes_dag.py
[2022-09-25 15:27:58,739] {processor.py:641} INFO - Processing file /opt/airflow/dags/nytimes_dag.py for tasks to queue
[2022-09-25 15:27:58,741] {logging_mixin.py:115} INFO - [2022-09-25 15:27:58,740] {dagbag.py:507} INFO - Filling up the DagBag from /opt/airflow/dags/nytimes_dag.py
[2022-09-25 15:27:58,765] {processor.py:653} WARNING - No viable dags retrieved from /opt/airflow/dags/nytimes_dag.py
[2022-09-25 15:27:58,826] {processor.py:161} INFO - Processing /opt/airflow/dags/nytimes_dag.py took 0.134 seconds
[2022-09-25 15:28:29,271] {processor.py:153} INFO - Started process (PID=5491) to work on /opt/airflow/dags/nytimes_dag.py
[2022-09-25 15:28:29,284] {processor.py:641} INFO - Processing file /opt/airflow/dags/nytimes_dag.py for tasks to queue
[2022-09-25 15:28:29,287] {logging_mixin.py:115} INFO - [2022-09-25 15:28:29,287] {dagbag.py:507} INFO - Filling up the DagBag from /opt/airflow/dags/nytimes_dag.py
[2022-09-25 15:28:29,329] {processor.py:653} WARNING - No viable dags retrieved from /opt/airflow/dags/nytimes_dag.py
[2022-09-25 15:28:29,406] {processor.py:161} INFO - Processing /opt/airflow/dags/nytimes_dag.py took 0.145 seconds
[2022-09-25 15:29:00,343] {processor.py:153} INFO - Started process (PID=5546) to work on /opt/airflow/dags/nytimes_dag.py
[2022-09-25 15:29:00,352] {processor.py:641} INFO - Processing file /opt/airflow/dags/nytimes_dag.py for tasks to queue
[2022-09-25 15:29:00,354] {logging_mixin.py:115} INFO - [2022-09-25 15:29:00,354] {dagbag.py:507} INFO - Filling up the DagBag from /opt/airflow/dags/nytimes_dag.py
[2022-09-25 15:29:00,369] {processor.py:653} WARNING - No viable dags retrieved from /opt/airflow/dags/nytimes_dag.py
[2022-09-25 15:29:00,398] {processor.py:161} INFO - Processing /opt/airflow/dags/nytimes_dag.py took 0.061 seconds
[2022-09-25 15:29:31,300] {processor.py:153} INFO - Started process (PID=5599) to work on /opt/airflow/dags/nytimes_dag.py
[2022-09-25 15:29:31,316] {processor.py:641} INFO - Processing file /opt/airflow/dags/nytimes_dag.py for tasks to queue
[2022-09-25 15:29:31,321] {logging_mixin.py:115} INFO - [2022-09-25 15:29:31,321] {dagbag.py:507} INFO - Filling up the DagBag from /opt/airflow/dags/nytimes_dag.py
[2022-09-25 15:29:31,354] {processor.py:653} WARNING - No viable dags retrieved from /opt/airflow/dags/nytimes_dag.py
[2022-09-25 15:29:31,394] {processor.py:161} INFO - Processing /opt/airflow/dags/nytimes_dag.py took 0.108 seconds
